#
# There is insufficient memory for the Java Runtime Environment to continue.
# Native memory allocation (mmap) failed to map 268435456 bytes for G1 virtual space
# Possible reasons:
#   The system is out of physical RAM or swap space
#   The process is running with CompressedOops enabled, and the Java Heap may be blocking the growth of the native heap
# Possible solutions:
#   Reduce memory load on the system
#   Increase physical memory or swap space
#   Check if swap backing store is full
#   Decrease Java heap size (-Xmx/-Xms)
#   Decrease number of Java threads
#   Decrease Java thread stack sizes (-Xss)
#   Set larger code cache with -XX:ReservedCodeCacheSize=
#   JVM is running with Zero Based Compressed Oops mode in which the Java heap is
#     placed in the first 32GB address space. The Java Heap base address is the
#     maximum limit for the native heap growth. Please use -XX:HeapBaseMinAddress
#     to set the Java Heap base and to place the Java Heap above 32GB virtual address.
# This output file may be truncated or incomplete.
#
#  Out of Memory Error (os_windows.cpp:3613), pid=26096, tid=16108
#
# JRE version:  (17.0.9+8) (build )
# Java VM: OpenJDK 64-Bit Server VM (17.0.9+8-LTS, mixed mode, emulated-client, sharing, tiered, compressed oops, compressed class ptrs, g1 gc, windows-amd64)
# No core dump will be written. Minidumps are not enabled by default on client versions of Windows
#

---------------  S U M M A R Y ------------

Command Line: -XX:TieredStopAtLevel=1 -Dspring.output.ansi.enabled=always -Dcom.sun.management.jmxremote -Dspring.jmx.enabled=true -Dspring.liveBeansView.mbeanDomain -Dspring.application.admin.enabled=true -Dmanagement.endpoints.jmx.exposure.include=* -javaagent:C:\Program Files\JetBrains\IntelliJ IDEA 2023.3.3\lib\idea_rt.jar=7660:C:\Program Files\JetBrains\IntelliJ IDEA 2023.3.3\bin -Dfile.encoding=UTF-8 PU.pushop.PushopApplication

Host: Intel(R) Core(TM) i7-6700 CPU @ 3.40GHz, 8 cores, 15G,  Windows 11 , 64 bit Build 22000 (10.0.22000.2538)
Time: Thu Apr  4 22:23:37 2024  Windows 11 , 64 bit Build 22000 (10.0.22000.2538) elapsed time: 0.022608 seconds (0d 0h 0m 0s)

---------------  T H R E A D  ---------------

Current thread (0x0000017ee043b670):  JavaThread "Unknown thread" [_thread_in_vm, id=16108, stack(0x0000002328a00000,0x0000002328b00000)]

Stack: [0x0000002328a00000,0x0000002328b00000]
Native frames: (J=compiled Java code, j=interpreted, Vv=VM code, C=native code)
V  [jvm.dll+0x67cb49]
V  [jvm.dll+0x8344da]
V  [jvm.dll+0x835f9e]
V  [jvm.dll+0x836603]
V  [jvm.dll+0x247b5f]
V  [jvm.dll+0x679969]
V  [jvm.dll+0x66e2ba]
V  [jvm.dll+0x307a5b]
V  [jvm.dll+0x30ef06]
V  [jvm.dll+0x35ecee]
V  [jvm.dll+0x35ef1f]
V  [jvm.dll+0x2de658]
V  [jvm.dll+0x2df5c4]
V  [jvm.dll+0x805d51]
V  [jvm.dll+0x36cb51]
V  [jvm.dll+0x7e47dc]
V  [jvm.dll+0x3f03cf]
V  [jvm.dll+0x3f2001]
C  [jli.dll+0x528f]
C  [ucrtbase.dll+0x26c0c]
C  [KERNEL32.DLL+0x153e0]
C  [ntdll.dll+0x485b]


---------------  P R O C E S S  ---------------

Threads class SMR info:
_java_thread_list=0x00007ffed6ddee98, length=0, elements={
}

Java Threads: ( => current thread )

Other Threads:
  0x0000017ee04a96b0 GCTaskThread "GC Thread#0" [stack: 0x0000002328b00000,0x0000002328c00000] [id=3992]
  0x0000017ee04bacb0 ConcurrentGCThread "G1 Main Marker" [stack: 0x0000002328c00000,0x0000002328d00000] [id=21200]
  0x0000017ee04bb6d0 ConcurrentGCThread "G1 Conc#0" [stack: 0x0000002328d00000,0x0000002328e00000] [id=25772]

[error occurred during error reporting (printing all threads), id 0xc0000005, EXCEPTION_ACCESS_VIOLATION (0xc0000005) at pc=0x00007ffed659f097]

VM state: not at safepoint (not fully initialized)

VM Mutex/Monitor currently owned by a thread:  ([mutex/lock_event])
[0x0000017ee0437d30] Heap_lock - owner thread: 0x0000017ee043b670

Heap address: 0x0000000700e00000, size: 4082 MB, Compressed Oops mode: Zero based, Oop shift amount: 3

CDS archive(s) mapped at: [0x0000000000000000-0x0000000000000000-0x0000000000000000), size 0, SharedBaseAddress: 0x0000000800000000, ArchiveRelocationMode: 1.
Narrow klass base: 0x0000000000000000, Narrow klass shift: 0, Narrow klass range: 0x0

GC Precious Log:
<Empty>

Heap:
 garbage-first heap   total 0K, used 0K [0x0000000700e00000, 0x0000000800000000)
  region size 2048K, 0 young (0K), 0 survivors (0K)

[error occurred during error reporting (printing heap information), id 0xc0000005, EXCEPTION_ACCESS_VIOLATION (0xc0000005) at pc=0x00007ffed69868f9]

GC Heap History (0 events):
No events

Dll operation events (1 events):
Event: 0.016 Loaded shared library C:\Users\SCY\.jdks\corretto-17.0.9\bin\java.dll

Deoptimization events (0 events):
No events

Classes unloaded (0 events):
No events

Classes redefined (0 events):
No events

Internal exceptions (0 events):
No events

VM Operations (0 events):
No events

Events (0 events):
No events


Dynamic libraries:
0x00007ff6a2f00000 - 0x00007ff6a2f0e000 	C:\Users\SCY\.jdks\corretto-17.0.9\bin\java.exe
0x00007fff47740000 - 0x00007fff47949000 	C:\WINDOWS\SYSTEM32\ntdll.dll
0x00007fff45ef0000 - 0x00007fff45fad000 	C:\WINDOWS\System32\KERNEL32.DLL
0x00007fff44cf0000 - 0x00007fff45074000 	C:\WINDOWS\System32\KERNELBASE.dll
0x00007fff44bd0000 - 0x00007fff44ce1000 	C:\WINDOWS\System32\ucrtbase.dll
0x00007fff18fe0000 - 0x00007fff18ff7000 	C:\Users\SCY\.jdks\corretto-17.0.9\bin\jli.dll
0x00007fff16870000 - 0x00007fff1688b000 	C:\Users\SCY\.jdks\corretto-17.0.9\bin\VCRUNTIME140.dll
0x00007fff46aa0000 - 0x00007fff46c4d000 	C:\WINDOWS\System32\USER32.dll
0x00007fff45560000 - 0x00007fff45586000 	C:\WINDOWS\System32\win32u.dll
0x00007fff45d30000 - 0x00007fff45d5a000 	C:\WINDOWS\System32\GDI32.dll
0x00007fff362d0000 - 0x00007fff36575000 	C:\WINDOWS\WinSxS\amd64_microsoft.windows.common-controls_6595b64144ccf1df_6.0.22000.120_none_9d947278b86cc467\COMCTL32.dll
0x00007fff450f0000 - 0x00007fff4520e000 	C:\WINDOWS\System32\gdi32full.dll
0x00007fff45c80000 - 0x00007fff45d23000 	C:\WINDOWS\System32\msvcrt.dll
0x00007fff454c0000 - 0x00007fff4555d000 	C:\WINDOWS\System32\msvcp_win.dll
0x00007fff45c40000 - 0x00007fff45c71000 	C:\WINDOWS\System32\IMM32.DLL
0x00007fff24e50000 - 0x00007fff24e5c000 	C:\Users\SCY\.jdks\corretto-17.0.9\bin\vcruntime140_1.dll
0x00007ffed9190000 - 0x00007ffed921d000 	C:\Users\SCY\.jdks\corretto-17.0.9\bin\msvcp140.dll
0x00007ffed62b0000 - 0x00007ffed6f11000 	C:\Users\SCY\.jdks\corretto-17.0.9\bin\server\jvm.dll
0x00007fff46c70000 - 0x00007fff46d1e000 	C:\WINDOWS\System32\ADVAPI32.dll
0x00007fff45d60000 - 0x00007fff45dfe000 	C:\WINDOWS\System32\sechost.dll
0x00007fff45b10000 - 0x00007fff45c31000 	C:\WINDOWS\System32\RPCRT4.dll
0x00007fff43d40000 - 0x00007fff43d8d000 	C:\WINDOWS\SYSTEM32\POWRPROF.dll
0x00007fff3ed30000 - 0x00007fff3ed63000 	C:\WINDOWS\SYSTEM32\WINMM.dll
0x00007fff372c0000 - 0x00007fff372c9000 	C:\WINDOWS\SYSTEM32\WSOCK32.dll
0x00007fff3c8c0000 - 0x00007fff3c8ca000 	C:\WINDOWS\SYSTEM32\VERSION.dll
0x00007fff469b0000 - 0x00007fff46a1f000 	C:\WINDOWS\System32\WS2_32.dll
0x00007fff43ce0000 - 0x00007fff43cf3000 	C:\WINDOWS\SYSTEM32\UMPDC.dll
0x00007fff43cc0000 - 0x00007fff43cd8000 	C:\WINDOWS\SYSTEM32\kernel.appcore.dll
0x00007fff20fe0000 - 0x00007fff20fea000 	C:\Users\SCY\.jdks\corretto-17.0.9\bin\jimage.dll
0x00007fff39f60000 - 0x00007fff3a181000 	C:\WINDOWS\SYSTEM32\DBGHELP.DLL
0x00007fff34d20000 - 0x00007fff34d51000 	C:\WINDOWS\SYSTEM32\dbgcore.DLL
0x00007fff45210000 - 0x00007fff4528f000 	C:\WINDOWS\System32\bcryptPrimitives.dll
0x00007fff3b6d0000 - 0x00007fff3b6de000 	C:\Users\SCY\.jdks\corretto-17.0.9\bin\instrument.dll
0x00007fff11d30000 - 0x00007fff11d55000 	C:\Users\SCY\.jdks\corretto-17.0.9\bin\java.dll

dbghelp: loaded successfully - version: 4.0.5 - missing functions: none
symbol engine: initialized successfully - sym options: 0x614 - pdb path: .;C:\Users\SCY\.jdks\corretto-17.0.9\bin;C:\WINDOWS\SYSTEM32;C:\WINDOWS\WinSxS\amd64_microsoft.windows.common-controls_6595b64144ccf1df_6.0.22000.120_none_9d947278b86cc467;C:\Users\SCY\.jdks\corretto-17.0.9\bin\server

VM Arguments:
jvm_args: -XX:TieredStopAtLevel=1 -Dspring.output.ansi.enabled=always -Dcom.sun.management.jmxremote -Dspring.jmx.enabled=true -Dspring.liveBeansView.mbeanDomain -Dspring.application.admin.enabled=true -Dmanagement.endpoints.jmx.exposure.include=* -javaagent:C:\Program Files\JetBrains\IntelliJ IDEA 2023.3.3\lib\idea_rt.jar=7660:C:\Program Files\JetBrains\IntelliJ IDEA 2023.3.3\bin -Dfile.encoding=UTF-8 
java_command: PU.pushop.PushopApplication
java_class_path (initial): C:\Users\SCY\Desktop\DEV\TeamProject\ProjectUndemand-BackEnd\build\classes\java\main;C:\Users\SCY\Desktop\DEV\TeamProject\ProjectUndemand-BackEnd\build\resources\main;C:\Users\SCY\.gradle\caches\modules-2\files-2.1\org.projectlombok\lombok\1.18.30\f195ee86e6c896ea47a1d39defbe20eb59cd149d\lombok-1.18.30.jar;C:\Users\SCY\.gradle\caches\modules-2\files-2.1\org.springframework.boot\spring-boot-starter-data-jpa\3.2.3\1fd0770b23c57627e5a37726fb4060f5bfa4da6f\spring-boot-starter-data-jpa-3.2.3.jar;C:\Users\SCY\.gradle\caches\modules-2\files-2.1\org.springframework.boot\spring-boot-starter-data-redis\3.2.3\b07dd082914fcfd987daf65ecf63b4fa2783ea42\spring-boot-starter-data-redis-3.2.3.jar;C:\Users\SCY\.gradle\caches\modules-2\files-2.1\org.springframework.boot\spring-boot-starter-mail\3.2.3\f9094ea136cd4f67bdf14600049b972607fec465\spring-boot-starter-mail-3.2.3.jar;C:\Users\SCY\.gradle\caches\modules-2\files-2.1\org.springframework.boot\spring-boot-starter-oauth2-client\3.2.3\870f5a2f66abb297d1685c32c778cc2d61540964\spring-boot-starter-oauth2-client-3.2.3.jar;C:\Users\SCY\.gradle\caches\modules-2\files-2.1\org.springframework.boot\spring-boot-starter-security\3.2.3\f6353a8e62be7372b3968ab71e613b5188d55c3b\spring-boot-starter-security-3.2.3.jar;C:\Users\SCY\.gradle\caches\modules-2\files-2.1\org.springframework.boot\spring-boot-starter-thymeleaf\3.2.3\dbb434ce42b99f0685963d0a5824cd8f3835a1ac\spring-boot-starter-thymeleaf-3.2.3.jar;C:\Users\SCY\.gradle\caches\modules-2\files-2.1\org.springframework.boot\spring-boot-starter-validation\3.2.3\6bb79fe1a0760b5cec37bd85e31bd4cc987c8185\spring-boot-starter-validation-3.2.3.jar;C:\Users\SCY\.gradle\caches\modules-2\files-2.1\org.springframework.boot\spring-boot-starter-web\3.2.3\bf2b775d4f4e6349129c64de30939a5493779706\spring-boot-starter-web-3.2.3.jar;C:\Users\SCY\.gradle\caches\modules-2\files-2.1\io.jsonwebtoken\jjwt-impl\0.12.3\e850d2b3f53bd82355cd9ee1c471054aa602b320\jjwt-impl-0.12.3.jar;C:\Users\SCY\.
Launcher Type: SUN_STANDARD

[Global flags]
     intx CICompilerCount                          = 4                                         {product} {ergonomic}
     uint ConcGCThreads                            = 2                                         {product} {ergonomic}
     uint G1ConcRefinementThreads                  = 8                                         {product} {ergonomic}
   size_t G1HeapRegionSize                         = 2097152                                   {product} {ergonomic}
    uintx GCDrainStackTargetSize                   = 64                                        {product} {ergonomic}
   size_t InitialHeapSize                          = 268435456                                 {product} {ergonomic}
     bool ManagementServer                         = true                                      {product} {command line}
   size_t MarkStackSize                            = 4194304                                   {product} {ergonomic}
   size_t MaxHeapSize                              = 4280287232                                {product} {ergonomic}
   size_t MinHeapDeltaBytes                        = 2097152                                   {product} {ergonomic}
   size_t MinHeapSize                              = 8388608                                   {product} {ergonomic}
    uintx NonProfiledCodeHeapSize                  = 0                                      {pd product} {ergonomic}
     bool ProfileInterpreter                       = false                                  {pd product} {command line}
    uintx ProfiledCodeHeapSize                     = 0                                      {pd product} {ergonomic}
   size_t SoftMaxHeapSize                          = 4280287232                             {manageable} {ergonomic}
     intx TieredStopAtLevel                        = 1                                         {product} {command line}
     bool UseCompressedClassPointers               = true                           {product lp64_product} {ergonomic}
     bool UseCompressedOops                        = true                           {product lp64_product} {ergonomic}
     bool UseG1GC                                  = true                                      {product} {ergonomic}
     bool UseLargePagesIndividualAllocation        = false                                  {pd product} {ergonomic}

Logging:
Log output configuration:
 #0: stdout all=warning uptime,level,tags
 #1: stderr all=off uptime,level,tags

Environment Variables:
PATH=C:\Program Files\Common Files\Oracle\Java\javapath;C:\WINDOWS\system32;C:\WINDOWS;C:\WINDOWS\System32\Wbem;C:\WINDOWS\System32\WindowsPowerShell\v1.0\;C:\WINDOWS\System32\OpenSSH\;C:\Program Files\dotnet\;C:\Program Files (x86)\NVIDIA Corporation\PhysX\Common;C:\Program Files\NVIDIA Corporation\NVIDIA NvDLISR;C:\Program Files\Git\cmd;C:\Users\SCY\AppData\Roaming\nvm;C:\Program Files\nodejs;C:\Program Files\nodejs\;C:\Program Files\MySQL\MySQL Server 8.0\bin;;C:\Program Files\Docker\Docker\resources\bin;C:\Program Files\Bandizip\;C:\Users\SCY\AppData\Local\Programs\Python\Python310\Scripts\;C:\Users\SCY\AppData\Local\Programs\Python\Python310\;C:\Program Files\MySQL\MySQL Shell 8.0\bin\;C:\Users\SCY\AppData\Local\Microsoft\WindowsApps;C:\Users\SCY\AppData\Local\Programs\Microsoft VS Code\bin;C:\Users\SCY\AppData\Local\GitHubDesktop\bin;C:\Users\SCY\AppData\Roaming\nvm;C:\Program Files\nodejs;C:\Users\SCY\AppData\Roaming\npm;C:\Program Files\JetBrains\IntelliJ IDEA Educational Edition 2022.2.2\bin;;C:\Program Files\JetBrains\IntelliJ IDEA 2023.3.3\bin;
USERNAME=SCY
OS=Windows_NT
PROCESSOR_IDENTIFIER=Intel64 Family 6 Model 94 Stepping 3, GenuineIntel
TMP=C:\Users\SCY\AppData\Local\Temp
TEMP=C:\Users\SCY\AppData\Local\Temp



Periodic native trim disabled


---------------  S Y S T E M  ---------------

OS:
 Windows 11 , 64 bit Build 22000 (10.0.22000.2538)
OS uptime: 9 days 6:35 hours

CPU: total 8 (initial active 8) (4 cores per cpu, 2 threads per core) family 6 model 94 stepping 3 microcode 0xd6, cx8, cmov, fxsr, ht, mmx, 3dnowpref, sse, sse2, sse3, ssse3, sse4.1, sse4.2, popcnt, lzcnt, tsc, tscinvbit, avx, avx2, aes, erms, clmul, bmi1, bmi2, rtm, adx, fma, vzeroupper, clflush, clflushopt
Processor Information for all 8 processors :
  Max Mhz: 3408, Current Mhz: 3408, Mhz Limit: 3408

Memory: 4k page, system-wide physical 16320M (4875M free)
TotalPageFile size 18368M (AvailPageFile size 57M)
current process WorkingSet (physical memory assigned to process): 11M, peak: 11M
current process commit charge ("private bytes"): 55M, peak: 311M

vm_info: OpenJDK 64-Bit Server VM (17.0.9+8-LTS) for windows-amd64 JRE (17.0.9+8-LTS), built on Oct 12 2023 16:15:33 by "Administrator" with MS VC++ 16.10 / 16.11 (VS2019)

END.
